\BOOKMARK [1][-]{section.1}{Identification d'un processus simul\351:}{}% 1
\BOOKMARK [2][-]{subsection.1.1}{Fonction Matlab \(simulsyst\) qui permet de simuler le syst\350me}{section.1}% 2
\BOOKMARK [2][-]{subsection.1.2}{Simulation du syst\350me}{section.1}% 3
\BOOKMARK [3][-]{subsubsection.1.2.1}{degr\351 de persistance}{subsection.1.2}% 4
\BOOKMARK [3][-]{subsubsection.1.2.2}{La r\351ponse fr\351quentielle du syst\350me:}{subsection.1.2}% 5
\BOOKMARK [3][-]{subsubsection.1.2.3}{Le spectre du signale d'entr\351e SBPA:}{subsection.1.2}% 6
\BOOKMARK [3][-]{subsubsection.1.2.4}{Le spectre du signale de sortie:}{subsection.1.2}% 7
\BOOKMARK [2][-]{subsection.1.3}{Identification du syst\350me}{section.1}% 8
\BOOKMARK [3][-]{subsubsection.1.3.1}{Moindres carr\351s ordinaires}{subsection.1.3}% 9
\BOOKMARK [3][-]{subsubsection.1.3.2}{Variable instrumentale \341 quatre \351tages}{subsection.1.3}% 10
\BOOKMARK [3][-]{subsubsection.1.3.3}{Maximum de vraisemblance}{subsection.1.3}% 11
\BOOKMARK [3][-]{subsubsection.1.3.4}{M\351thode d'erreur de sortie}{subsection.1.3}% 12
\BOOKMARK [2][-]{subsection.1.4}{La fonction validation\(modex,modid\)}{section.1}% 13
\BOOKMARK [2][-]{subsection.1.5}{Moindre carr\351}{section.1}% 14
\BOOKMARK [2][-]{subsection.1.6}{M\351thode de variable instrumentale}{section.1}% 15
\BOOKMARK [2][-]{subsection.1.7}{M\351thode de maximum vraisemblance}{section.1}% 16
\BOOKMARK [2][-]{subsection.1.8}{M\351thode de l'erreur de sortie}{section.1}% 17
\BOOKMARK [2][-]{subsection.1.9}{La fonction analyse\(modex,modid\)}{section.1}% 18
\BOOKMARK [1][-]{section.2}{Identification d'une maquette d'asservissement de position}{}% 19
\BOOKMARK [2][-]{subsection.2.1}{Mod\351lisation du processus}{section.2}% 20
\BOOKMARK [3][-]{subsubsection.2.1.1}{La fonction de transfert entre Z et la consigne}{subsection.2.1}% 21
\BOOKMARK [3][-]{subsubsection.2.1.2}{La forme de la fonction de transfert discr\351te entre Z et la consigne}{subsection.2.1}% 22
\BOOKMARK [3][-]{subsubsection.2.1.3}{Identification du processus}{subsection.2.1}% 23
\BOOKMARK [3][-]{subsubsection.2.1.4}{Les param\350tres de la fonction de transfert}{subsection.2.1}% 24
\BOOKMARK [3][-]{subsubsection.2.1.5}{Identification en utilisant la fonction de transfert discr\350te}{subsection.2.1}% 25
\BOOKMARK [3][-]{subsubsection.2.1.6}{Validation}{subsection.2.1}% 26
\BOOKMARK [2][-]{subsection.2.2}{Identification direct en utilisant }{section.2}% 27
\BOOKMARK [3][-]{subsubsection.2.2.1}{Validation}{subsection.2.2}% 28
\BOOKMARK [2][-]{subsection.2.3}{Identification direct en utilisant la fonction idgrey et pem}{section.2}% 29
\BOOKMARK [1][-]{section.3}{Identification d'un syst\350me acoustique}{}% 30
\BOOKMARK [2][-]{subsection.3.1}{d\351couplage de donn\351es en trois parties}{section.3}% 31
\BOOKMARK [2][-]{subsection.3.2}{identification le mod\350les \341 temps discret \341 partir de chaque jeu de donn\351es}{section.3}% 32
\BOOKMARK [2][-]{subsection.3.3}{Validation crois\351e:}{section.3}% 33
\BOOKMARK [2][-]{subsection.3.4}{La r\351ponse impulsionnelle}{section.3}% 34
\BOOKMARK [2][-]{subsection.3.5}{Identification pour plusieurs ordres de mod\350les}{section.3}% 35
